#
# There is insufficient memory for the Java Runtime Environment to continue.
# Native memory allocation (malloc) failed to allocate 32744 bytes for ChunkPool::allocate
# Possible reasons:
#   The system is out of physical RAM or swap space
#   In 32 bit mode, the process size limit was hit
# Possible solutions:
#   Reduce memory load on the system
#   Increase physical memory or swap space
#   Check if swap backing store is full
#   Use 64 bit Java on a 64 bit OS
#   Decrease Java heap size (-Xmx/-Xms)
#   Decrease number of Java threads
#   Decrease Java thread stack sizes (-Xss)
#   Set larger code cache with -XX:ReservedCodeCacheSize=
# This output file may be truncated or incomplete.
#
#  Out of Memory Error (allocation.cpp:273), pid=11288, tid=0x00000000000079c0
#
# JRE version: OpenJDK Runtime Environment (8.0_112-b06) (build 1.8.0_112-release-b06)
# Java VM: OpenJDK 64-Bit Server VM (25.112-b06 mixed mode windows-amd64 compressed oops)
# Failed to write core dump. Minidumps are not enabled by default on client versions of Windows
#

---------------  T H R E A D  ---------------

Current thread (0x0000000016352800):  JavaThread "C2 CompilerThread0" daemon [_thread_in_native, id=31168, stack(0x00000000173a0000,0x00000000174a0000)]

Stack: [0x00000000173a0000,0x00000000174a0000]
[error occurred during error reporting (printing stack bounds), id 0xc0000005]

Native frames: (J=compiled Java code, j=interpreted, Vv=VM code, C=native code)


Current CompileTask:
C2: 132895 3241       4       groovy.lang.MetaClassImpl::addMetaMethodToIndex (65 bytes)


---------------  P R O C E S S  ---------------

Java Threads: ( => current thread )
  0x000000001afbe000 JavaThread "File lock request listener" [_thread_in_native, id=30208, stack(0x000000001cbe0000,0x000000001cce0000)]
  0x0000000018447800 JavaThread "pool-1-thread-1" [_thread_blocked, id=31148, stack(0x000000001a2c0000,0x000000001a3c0000)]
  0x00000000187e2000 JavaThread "Asynchronous log dispatcher for DefaultDaemonConnection: socket connection from /127.0.0.1:61863 to /127.0.0.1:61865" [_thread_blocked, id=31172, stack(0x000000001a0c0000,0x000000001a1c0000)]
  0x000000001788f000 JavaThread "Daemon worker" [_thread_in_native, id=25364, stack(0x0000000019fc0000,0x000000001a0c0000)]
  0x0000000017bf5000 JavaThread "Cancel handler" [_thread_blocked, id=30300, stack(0x0000000019ec0000,0x0000000019fc0000)]
  0x00000000187b4000 JavaThread "Handler for socket connection from /127.0.0.1:61863 to /127.0.0.1:61865" [_thread_in_native, id=31076, stack(0x0000000019dc0000,0x0000000019ec0000)]
  0x0000000017979000 JavaThread "Daemon" [_thread_blocked, id=31344, stack(0x0000000019cc0000,0x0000000019dc0000)]
  0x0000000017b97800 JavaThread "Incoming local TCP Connector on port 61863" [_thread_in_native, id=30888, stack(0x00000000198b0000,0x00000000199b0000)]
  0x00000000163c2800 JavaThread "Service Thread" daemon [_thread_blocked, id=24008, stack(0x00000000175a0000,0x00000000176a0000)]
  0x00000000163b4000 JavaThread "C1 CompilerThread1" daemon [_thread_blocked, id=31120, stack(0x00000000174a0000,0x00000000175a0000)]
=>0x0000000016352800 JavaThread "C2 CompilerThread0" daemon [_thread_in_native, id=31168, stack(0x00000000173a0000,0x00000000174a0000)]
  0x0000000016363000 JavaThread "Attach Listener" daemon [_thread_blocked, id=15504, stack(0x00000000172a0000,0x00000000173a0000)]
  0x0000000016360000 JavaThread "Signal Dispatcher" daemon [_thread_blocked, id=31412, stack(0x00000000171a0000,0x00000000172a0000)]
  0x0000000016346800 JavaThread "Finalizer" daemon [_thread_blocked, id=29716, stack(0x0000000016f90000,0x0000000017090000)]
  0x00000000017ae000 JavaThread "Reference Handler" daemon [_thread_blocked, id=31336, stack(0x0000000016e90000,0x0000000016f90000)]
  0x00000000016be000 JavaThread "main" [_thread_blocked, id=10656, stack(0x0000000001560000,0x0000000001660000)]

Other Threads:
  0x0000000016323800 VMThread [stack: 0x0000000016d90000,0x0000000016e90000] [id=5556]
  0x00000000163b9000 WatcherThread [stack: 0x00000000176a0000,0x00000000177a0000] [id=30468]

VM state:not at safepoint (normal execution)

VM Mutex/Monitor currently owned by a thread: None

Heap:
 PSYoungGen      total 39424K, used 18240K [0x00000000e0000000, 0x00000000e3100000, 0x0000000100000000)
  eden space 30720K, 43% used [0x00000000e0000000,0x00000000e0cfe840,0x00000000e1e00000)
  from space 8704K, 56% used [0x00000000e2880000,0x00000000e2d51820,0x00000000e3100000)
  to   space 9728K, 0% used [0x00000000e1e00000,0x00000000e1e00000,0x00000000e2780000)
 ParOldGen       total 47616K, used 9288K [0x00000000a0000000, 0x00000000a2e80000, 0x00000000e0000000)
  object space 47616K, 19% used [0x00000000a0000000,0x00000000a09123f8,0x00000000a2e80000)
 Metaspace       used 30323K, capacity 30848K, committed 31232K, reserved 1077248K
  class space    used 4100K, capacity 4228K, committed 4352K, reserved 1048576K

Card table byte_map: [0x0000000001b80000,0x0000000001e90000] byte_map_base: 0x0000000001680000

Marking Bits: (ParMarkBitMap*) 0x00000000614918f0
 Begin Bits: [0x0000000012700000, 0x0000000013f00000)
 End Bits:   [0x0000000013f00000, 0x0000000015700000)

Polling page: 0x0000000001470000

CodeCache: size=245760Kb used=11968Kb max_used=11968Kb free=233791Kb
 bounds [0x0000000003400000, 0x0000000003fc0000, 0x0000000012400000]
 total_blobs=3696 nmethods=3032 adapters=578
 compilation: enabled

Compilation events (10 events):
Event: 132.646 Thread 0x00000000163b4000 3263       3       com.google.common.collect.MapMakerInternalMap$Segment::expireEntries (83 bytes)
Event: 132.647 Thread 0x00000000163b4000 nmethod 3263 0x0000000003fae390 code [0x0000000003fae5c0, 0x0000000003faf098]
Event: 132.647 Thread 0x00000000163b4000 3264       3       com.google.common.collect.MapMakerInternalMap$Segment::newEntry (15 bytes)
Event: 132.648 Thread 0x00000000163b4000 nmethod 3264 0x0000000003faf510 code [0x0000000003faf680, 0x0000000003faf8c8]
Event: 132.648 Thread 0x00000000163b4000 3265       3       com.google.common.collect.MapMakerInternalMap$Segment::setValue (27 bytes)
Event: 132.648 Thread 0x00000000163b4000 nmethod 3265 0x0000000003faf9d0 code [0x0000000003fafb60, 0x0000000003fafea8]
Event: 132.648 Thread 0x00000000163b4000 3266       3       com.google.common.collect.MapMakerInternalMap$Segment::evictEntries (67 bytes)
Event: 132.649 Thread 0x00000000163b4000 nmethod 3266 0x0000000003fb0010 code [0x0000000003fb0200, 0x0000000003fb09e8]
Event: 132.649 Thread 0x00000000163b4000 3267       3       com.google.common.collect.MapMakerInternalMap$Segment::postWriteCleanup (5 bytes)
Event: 132.649 Thread 0x00000000163b4000 nmethod 3267 0x0000000003fb0c90 code [0x0000000003fb0e20, 0x0000000003fb13a8]

GC Heap History (10 events):
Event: 86.664 GC heap before
{Heap before GC invocations=5 (full 1):
 PSYoungGen      total 37888K, used 5104K [0x00000000e0000000, 0x00000000e2a00000, 0x0000000100000000)
  eden space 32768K, 0% used [0x00000000e0000000,0x00000000e0000000,0x00000000e2000000)
  from space 5120K, 99% used [0x00000000e2500000,0x00000000e29fc030,0x00000000e2a00000)
  to   space 5120K, 0% used [0x00000000e2000000,0x00000000e2000000,0x00000000e2500000)
 ParOldGen       total 86016K, used 7812K [0x00000000a0000000, 0x00000000a5400000, 0x00000000e0000000)
  object space 86016K, 9% used [0x00000000a0000000,0x00000000a07a12e8,0x00000000a5400000)
 Metaspace       used 20840K, capacity 21112K, committed 21296K, reserved 1067008K
  class space    used 2765K, capacity 2869K, committed 2944K, reserved 1048576K
Event: 86.883 GC heap after
Heap after GC invocations=5 (full 1):
 PSYoungGen      total 37888K, used 0K [0x00000000e0000000, 0x00000000e2a00000, 0x0000000100000000)
  eden space 32768K, 0% used [0x00000000e0000000,0x00000000e0000000,0x00000000e2000000)
  from space 5120K, 0% used [0x00000000e2500000,0x00000000e2500000,0x00000000e2a00000)
  to   space 5120K, 0% used [0x00000000e2000000,0x00000000e2000000,0x00000000e2500000)
 ParOldGen       total 47616K, used 9256K [0x00000000a0000000, 0x00000000a2e80000, 0x00000000e0000000)
  object space 47616K, 19% used [0x00000000a0000000,0x00000000a090a3f8,0x00000000a2e80000)
 Metaspace       used 20840K, capacity 21112K, committed 21296K, reserved 1067008K
  class space    used 2765K, capacity 2869K, committed 2944K, reserved 1048576K
}
Event: 90.092 GC heap before
{Heap before GC invocations=6 (full 1):
 PSYoungGen      total 37888K, used 32768K [0x00000000e0000000, 0x00000000e2a00000, 0x0000000100000000)
  eden space 32768K, 100% used [0x00000000e0000000,0x00000000e2000000,0x00000000e2000000)
  from space 5120K, 0% used [0x00000000e2500000,0x00000000e2500000,0x00000000e2a00000)
  to   space 5120K, 0% used [0x00000000e2000000,0x00000000e2000000,0x00000000e2500000)
 ParOldGen       total 47616K, used 9256K [0x00000000a0000000, 0x00000000a2e80000, 0x00000000e0000000)
  object space 47616K, 19% used [0x00000000a0000000,0x00000000a090a3f8,0x00000000a2e80000)
 Metaspace       used 24042K, capacity 24374K, committed 24704K, reserved 1071104K
  class space    used 3209K, capacity 3330K, committed 3456K, reserved 1048576K
Event: 90.116 GC heap after
Heap after GC invocations=6 (full 1):
 PSYoungGen      total 37376K, used 4712K [0x00000000e0000000, 0x00000000e3480000, 0x0000000100000000)
  eden space 32256K, 0% used [0x00000000e0000000,0x00000000e0000000,0x00000000e1f80000)
  from space 5120K, 92% used [0x00000000e2000000,0x00000000e249a168,0x00000000e2500000)
  to   space 10752K, 0% used [0x00000000e2a00000,0x00000000e2a00000,0x00000000e3480000)
 ParOldGen       total 47616K, used 9264K [0x00000000a0000000, 0x00000000a2e80000, 0x00000000e0000000)
  object space 47616K, 19% used [0x00000000a0000000,0x00000000a090c3f8,0x00000000a2e80000)
 Metaspace       used 24042K, capacity 24374K, committed 24704K, reserved 1071104K
  class space    used 3209K, capacity 3330K, committed 3456K, reserved 1048576K
}
Event: 92.685 GC heap before
{Heap before GC invocations=7 (full 1):
 PSYoungGen      total 37376K, used 36968K [0x00000000e0000000, 0x00000000e3480000, 0x0000000100000000)
  eden space 32256K, 100% used [0x00000000e0000000,0x00000000e1f80000,0x00000000e1f80000)
  from space 5120K, 92% used [0x00000000e2000000,0x00000000e249a168,0x00000000e2500000)
  to   space 10752K, 0% used [0x00000000e2a00000,0x00000000e2a00000,0x00000000e3480000)
 ParOldGen       total 47616K, used 9264K [0x00000000a0000000, 0x00000000a2e80000, 0x00000000e0000000)
  object space 47616K, 19% used [0x00000000a0000000,0x00000000a090c3f8,0x00000000a2e80000)
 Metaspace       used 26155K, capacity 26572K, committed 26752K, reserved 1073152K
  class space    used 3591K, capacity 3697K, committed 3712K, reserved 1048576K
Event: 92.696 GC heap after
Heap after GC invocations=7 (full 1):
 PSYoungGen      total 40960K, used 5189K [0x00000000e0000000, 0x00000000e3300000, 0x0000000100000000)
  eden space 31744K, 0% used [0x00000000e0000000,0x00000000e0000000,0x00000000e1f00000)
  from space 9216K, 56% used [0x00000000e2a00000,0x00000000e2f11700,0x00000000e3300000)
  to   space 10240K, 0% used [0x00000000e1f00000,0x00000000e1f00000,0x00000000e2900000)
 ParOldGen       total 47616K, used 9272K [0x00000000a0000000, 0x00000000a2e80000, 0x00000000e0000000)
  object space 47616K, 19% used [0x00000000a0000000,0x00000000a090e3f8,0x00000000a2e80000)
 Metaspace       used 26155K, capacity 26572K, committed 26752K, reserved 1073152K
  class space    used 3591K, capacity 3697K, committed 3712K, reserved 1048576K
}
Event: 101.694 GC heap before
{Heap before GC invocations=8 (full 1):
 PSYoungGen      total 40960K, used 36933K [0x00000000e0000000, 0x00000000e3300000, 0x0000000100000000)
  eden space 31744K, 100% used [0x00000000e0000000,0x00000000e1f00000,0x00000000e1f00000)
  from space 9216K, 56% used [0x00000000e2a00000,0x00000000e2f11700,0x00000000e3300000)
  to   space 10240K, 0% used [0x00000000e1f00000,0x00000000e1f00000,0x00000000e2900000)
 ParOldGen       total 47616K, used 9272K [0x00000000a0000000, 0x00000000a2e80000, 0x00000000e0000000)
  object space 47616K, 19% used [0x00000000a0000000,0x00000000a090e3f8,0x00000000a2e80000)
 Metaspace       used 28837K, capacity 29292K, committed 29440K, reserved 1075200K
  class space    used 3912K, capacity 4049K, committed 4096K, reserved 1048576K
Event: 101.708 GC heap after
Heap after GC invocations=8 (full 1):
 PSYoungGen      total 36864K, used 5286K [0x00000000e0000000, 0x00000000e3280000, 0x0000000100000000)
  eden space 31232K, 0% used [0x00000000e0000000,0x00000000e0000000,0x00000000e1e80000)
  from space 5632K, 93% used [0x00000000e1f00000,0x00000000e24299d0,0x00000000e2480000)
  to   space 10240K, 0% used [0x00000000e2880000,0x00000000e2880000,0x00000000e3280000)
 ParOldGen       total 47616K, used 9280K [0x00000000a0000000, 0x00000000a2e80000, 0x00000000e0000000)
  object space 47616K, 19% used [0x00000000a0000000,0x00000000a09103f8,0x00000000a2e80000)
 Metaspace       used 28837K, capacity 29292K, committed 29440K, reserved 1075200K
  class space    used 3912K, capacity 4049K, committed 4096K, reserved 1048576K
}
Event: 130.348 GC heap before
{Heap before GC invocations=9 (full 1):
 PSYoungGen      total 36864K, used 36518K [0x00000000e0000000, 0x00000000e3280000, 0x0000000100000000)
  eden space 31232K, 100% used [0x00000000e0000000,0x00000000e1e80000,0x00000000e1e80000)
  from space 5632K, 93% used [0x00000000e1f00000,0x00000000e24299d0,0x00000000e2480000)
  to   space 10240K, 0% used [0x00000000e2880000,0x00000000e2880000,0x00000000e3280000)
 ParOldGen       total 47616K, used 9280K [0x00000000a0000000, 0x00000000a2e80000, 0x00000000e0000000)
  object space 47616K, 19% used [0x00000000a0000000,0x00000000a09103f8,0x00000000a2e80000)
 Metaspace       used 29305K, capacity 29778K, committed 29952K, reserved 1075200K
  class space    used 3955K, capacity 4083K, committed 4096K, reserved 1048576K
Event: 130.366 GC heap after
Heap after GC invocations=9 (full 1):
 PSYoungGen      total 39424K, used 4934K [0x00000000e0000000, 0x00000000e3100000, 0x0000000100000000)
  eden space 30720K, 0% used [0x00000000e0000000,0x00000000e0000000,0x00000000e1e00000)
  from space 8704K, 56% used [0x00000000e2880000,0x00000000e2d51820,0x00000000e3100000)
  to   space 9728K, 0% used [0x00000000e1e00000,0x00000000e1e00000,0x00000000e2780000)
 ParOldGen       total 47616K, used 9288K [0x00000000a0000000, 0x00000000a2e80000, 0x00000000e0000000)
  object space 47616K, 19% used [0x00000000a0000000,0x00000000a09123f8,0x00000000a2e80000)
 Metaspace       used 29305K, capacity 29778K, committed 29952K, reserved 1075200K
  class space    used 3955K, capacity 4083K, committed 4096K, reserved 1048576K
}

Deoptimization events (10 events):
Event: 104.952 Thread 0x000000001788f000 Uncommon trap: reason=unstable_if action=reinterpret pc=0x0000000003ea2410 method=sun.nio.cs.ISO_8859_1$Decoder.decodeArrayLoop(Ljava/nio/ByteBuffer;Ljava/nio/CharBuffer;)Ljava/nio/charset/CoderResult; @ 146
Event: 106.367 Thread 0x000000001788f000 Uncommon trap: reason=unstable_if action=reinterpret pc=0x0000000003e7ac7c method=com.sun.org.apache.xerces.internal.impl.XMLEntityScanner.scanName()Ljava/lang/String; @ 69
Event: 106.613 Thread 0x000000001788f000 Uncommon trap: reason=unstable_if action=reinterpret pc=0x0000000003e171bc method=com.sun.org.apache.xerces.internal.impl.XMLEntityScanner.skipSpaces()Z @ 75
Event: 106.613 Thread 0x000000001788f000 Uncommon trap: reason=unstable_if action=reinterpret pc=0x0000000003e0f1d4 method=com.sun.org.apache.xerces.internal.impl.XMLEntityScanner.skipSpaces()Z @ 75
Event: 106.694 Thread 0x000000001788f000 Uncommon trap: reason=unstable_if action=reinterpret pc=0x0000000003e577e8 method=com.sun.org.apache.xerces.internal.impl.XMLDocumentFragmentScannerImpl$FragmentContentDriver.next()I @ 815
Event: 131.094 Thread 0x000000001788f000 Uncommon trap: reason=unstable_if action=reinterpret pc=0x0000000003ec1a48 method=java.util.regex.Pattern$CharProperty.match(Ljava/util/regex/Matcher;ILjava/lang/CharSequence;)Z @ 40
Event: 132.476 Thread 0x000000001788f000 Uncommon trap: reason=bimorphic action=maybe_recompile pc=0x0000000003f600b4 method=java.lang.ClassLoader.getPackage(Ljava/lang/String;)Ljava/lang/Package; @ 47
Event: 132.476 Thread 0x000000001788f000 Uncommon trap: reason=bimorphic action=maybe_recompile pc=0x0000000003f600b4 method=java.lang.ClassLoader.getPackage(Ljava/lang/String;)Ljava/lang/Package; @ 47
Event: 132.476 Thread 0x000000001788f000 Uncommon trap: reason=bimorphic action=maybe_recompile pc=0x0000000003f600b4 method=java.lang.ClassLoader.getPackage(Ljava/lang/String;)Ljava/lang/Package; @ 47
Event: 132.476 Thread 0x000000001788f000 Uncommon trap: reason=bimorphic action=maybe_recompile pc=0x0000000003f600b4 method=java.lang.ClassLoader.getPackage(Ljava/lang/String;)Ljava/lang/Package; @ 47

Internal exceptions (10 events):
Event: 131.086 Thread 0x000000001788f000 Exception <a 'java/lang/ClassNotFoundException': org/gradle/api/internal/file/FileOperationsBeanInfo> (0x00000000e0681120) thrown at [C:\src\android\AOSP-openjdk\external\jetbrains\jdk\hotspot\src\share\vm\classfile\systemDictionary.cpp, line 210]
Event: 131.086 Thread 0x000000001788f000 Exception <a 'java/lang/ClassNotFoundException': org/gradle/api/internal/file/FileOperationsCustomizer> (0x00000000e06a93f0) thrown at [C:\src\android\AOSP-openjdk\external\jetbrains\jdk\hotspot\src\share\vm\classfile\systemDictionary.cpp, line 210]
Event: 131.089 Thread 0x000000001788f000 Exception <a 'java/lang/ClassNotFoundException': org/gradle/api/internal/ProcessOperationsBeanInfo> (0x00000000e06ecaf0) thrown at [C:\src\android\AOSP-openjdk\external\jetbrains\jdk\hotspot\src\share\vm\classfile\systemDictionary.cpp, line 210]
Event: 131.089 Thread 0x000000001788f000 Exception <a 'java/lang/ClassNotFoundException': org/gradle/api/internal/ProcessOperationsCustomizer> (0x00000000e0714340) thrown at [C:\src\android\AOSP-openjdk\external\jetbrains\jdk\hotspot\src\share\vm\classfile\systemDictionary.cpp, line 210]
Event: 132.359 Thread 0x000000001788f000 Exception <a 'java/lang/ClassNotFoundException': build_bsbbiext8ley91g7btcwu4khqBeanInfo> (0x00000000e0859ec8) thrown at [C:\src\android\AOSP-openjdk\external\jetbrains\jdk\hotspot\src\share\vm\classfile\systemDictionary.cpp, line 210]
Event: 132.359 Thread 0x000000001788f000 Exception <a 'java/lang/ClassNotFoundException': build_bsbbiext8ley91g7btcwu4khqCustomizer> (0x00000000e086a128) thrown at [C:\src\android\AOSP-openjdk\external\jetbrains\jdk\hotspot\src\share\vm\classfile\systemDictionary.cpp, line 210]
Event: 132.459 Thread 0x000000001788f000 Exception <a 'java/lang/ClassNotFoundException': org/gradle/api/internal/plugins/DefaultObjectConfigurationActionBeanInfo> (0x00000000e08c4818) thrown at [C:\src\android\AOSP-openjdk\external\jetbrains\jdk\hotspot\src\share\vm\classfile\systemDictionary.cp(¼­¹Ž`@
Event: 132.460 Thread 0x000000001788f000 Exception <a 'java/lang/ClassNotFoundException': org/gradle/api/internal/plugins/DefaultObjectConfigurationActionCustomizer> (0x00000000e08f4130) thrown at [C:\src\android\AOSP-openjdk\external\jetbrains\jdk\hotspot\src\share\vm\classfile\systemDictionary.Ý9ÖÌŽ`@
Event: 132.463 Thread 0x000000001788f000 Exception <a 'java/lang/ClassNotFoundException': org/gradle/api/plugins/ObjectConfigurationActionBeanInfo> (0x00000000e0932a28) thrown at [C:\src\android\AOSP-openjdk\external\jetbrains\jdk\hotspot\src\share\vm\classfile\systemDictionary.cpp, line 210]
Event: 132.463 Thread 0x000000001788f000 Exception <a 'java/lang/ClassNotFoundException': org/gradle/api/plugins/ObjectConfigurationActionCustomizer> (0x00000000e095aa98) thrown at [C:\src\android\AOSP-openjdk\external\jetbrains\jdk\hotspot\src\share\vm\classfile\systemDictionary.cpp, line 210]

Events (10 events):
Event: 132.691 loading class com/google/common/collect/ObjectArrays done
Event: 132.692 loading class com/android/builder/Version
Event: 132.692 loading class com/android/builder/Version done
Event: 132.707 loading class java/io/UncheckedIOException
Event: 132.707 loading class java/io/UncheckedIOException done
Event: 132.710 loading class com/android/build/gradle/internal/NonFinalPluginExpiry
Event: 132.710 loading class com/android/build/gradle/internal/NonFinalPluginExpiry done
Event: 132.722 loading class java/time/temporal/TemporalAmount
Event: 132.746 loading class java/time/temporal/TemporalAmount done
Event: 132.746 loading class java/time/chrono/ChronoLocalDate


Dynamic libraries:
0x00007ff735ce0000 - 0x00007ff735d11000 	C:\Program Files\Android\Android Studio\jre\bin\java.exe
0x00007ffaa3ea0000 - 0x00007ffaa4061000 	C:\Windows\SYSTEM32\ntdll.dll
0x00007ffaa3b00000 - 0x00007ffaa3bad000 	C:\Windows\system32\KERNEL32.DLL
0x00007ffaa0550000 - 0x00007ffaa0738000 	C:\Windows\system32\KERNELBASE.dll
0x00007ffaa3db0000 - 0x00007ffaa3e57000 	C:\Windows\system32\ADVAPI32.dll
0x00007ffaa3730000 - 0x00007ffaa37cd000 	C:\Windows\system32\msvcrt.dll
0x00007ffaa2e70000 - 0x00007ffaa2ecb000 	C:\Windows\system32\sechost.dll
0x00007ffaa3c90000 - 0x00007ffaa3dac000 	C:\Windows\system32\RPCRT4.dll
0x00007ffaa35d0000 - 0x00007ffaa3726000 	C:\Windows\system32\USER32.dll
0x00007ffaa3090000 - 0x00007ffaa3216000 	C:\Windows\system32\GDI32.dll
0x00007ffa91800000 - 0x00007ffa91a74000 	C:\Windows\WinSxS\amd64_microsoft.windows.common-controls_6595b64144ccf1df_6.0.10586.672_none_a2d6b3cea53ff843\COMCTL32.dll
0x00007ffaa3220000 - 0x00007ffaa349d000 	C:\Windows\system32\combase.dll
0x00007ffaa0740000 - 0x00007ffaa07aa000 	C:\Windows\system32\bcryptPrimitives.dll
0x00007ffaa3e60000 - 0x00007ffaa3e9b000 	C:\Windows\system32\IMM32.DLL
0x0000000061a20000 - 0x0000000061af2000 	C:\Program Files\Android\Android Studio\jre\jre\bin\msvcr100.dll
0x0000000060cd0000 - 0x000000006150c000 	C:\Program Files\Android\Android Studio\jre\jre\bin\server\jvm.dll
0x00007ffaa28c0000 - 0x00007ffaa28c8000 	C:\Windows\system32\PSAPI.DLL
0x00007ffa96af0000 - 0x00007ffa96af9000 	C:\Windows\SYSTEM32\WSOCK32.dll
0x00007ffaa3bc0000 - 0x00007ffaa3c2b000 	C:\Windows\system32\WS2_32.dll
0x00007ffa9e930000 - 0x00007ffa9e953000 	C:\Windows\SYSTEM32\WINMM.dll
0x00007ffa9c030000 - 0x00007ffa9c03a000 	C:\Windows\SYSTEM32\VERSION.dll
0x00007ffa9e900000 - 0x00007ffa9e92c000 	C:\Windows\SYSTEM32\WINMMBASE.dll
0x00007ffaa0a90000 - 0x00007ffaa0ad3000 	C:\Windows\system32\cfgmgr32.dll
0x00007ffa98df0000 - 0x00007ffa98dff000 	C:\Program Files\Android\Android Studio\jre\jre\bin\verify.dll
0x00007ffa8fc10000 - 0x00007ffa8fc39000 	C:\Program Files\Android\Android Studio\jre\jre\bin\java.dll
0x00007ffa91340000 - 0x00007ffa91356000 	C:\Program Files\Android\Android Studio\jre\jre\bin\zip.dll
0x00007ffaa1350000 - 0x00007ffaa28ac000 	C:\Windows\system32\SHELL32.dll
0x00007ffaa0ae0000 - 0x00007ffaa1125000 	C:\Windows\system32\windows.storage.dll
0x00007ffaa3c30000 - 0x00007ffaa3c82000 	C:\Windows\system32\shlwapi.dll
0x00007ffaa04f0000 - 0x00007ffaa04ff000 	C:\Windows\system32\kernel.appcore.dll
0x00007ffaa1150000 - 0x00007ffaa1205000 	C:\Windows\system32\shcore.dll
0x00007ffaa0500000 - 0x00007ffaa054b000 	C:\Windows\system32\powrprof.dll
0x00007ffaa04d0000 - 0x00007ffaa04e4000 	C:\Windows\system32\profapi.dll
0x00007ffa90f00000 - 0x00007ffa90f1a000 	C:\Program Files\Android\Android Studio\jre\jre\bin\net.dll
0x00007ffa9fdf0000 - 0x00007ffa9fe4c000 	C:\Windows\system32\mswsock.dll
0x00007ffa90eb0000 - 0x00007ffa90ec1000 	C:\Program Files\Android\Android Studio\jre\jre\bin\nio.dll
0x00007ffa95420000 - 0x00007ffa9543e000 	C:\Users\Gaoussou\.gradle\native\23\windows-amd64\native-platform.dll
0x00007ffa9fea0000 - 0x00007ffa9feb7000 	C:\Windows\SYSTEM32\CRYPTSP.dll
0x00007ffa9fb30000 - 0x00007ffa9fb64000 	C:\Windows\system32\rsaenh.dll
0x00007ffaa03f0000 - 0x00007ffaa0419000 	C:\Windows\SYSTEM32\bcrypt.dll
0x00007ffa9fc80000 - 0x00007ffa9fc9f000 	C:\Windows\SYSTEM32\USERENV.dll
0x00007ffa9ffc0000 - 0x00007ffa9ffcb000 	C:\Windows\SYSTEM32\CRYPTBASE.dll
0x00007ffa9d2a0000 - 0x00007ffa9d2d8000 	C:\Windows\SYSTEM32\IPHLPAPI.DLL
0x00007ffaa3bb0000 - 0x00007ffaa3bb8000 	C:\Windows\system32\NSI.dll
0x00007ffa97790000 - 0x00007ffa977a6000 	C:\Windows\SYSTEM32\dhcpcsvc6.DLL
0x00007ffa9a6f0000 - 0x00007ffa9a70a000 	C:\Windows\SYSTEM32\dhcpcsvc.DLL
0x00007ffa956f0000 - 0x00007ffa956fd000 	C:\Program Files\Android\Android Studio\jre\jre\bin\management.dll

VM Arguments:
jvm_args: -Xmx1536m -Dfile.encoding=windows-1252 -Duser.country=FR -Duser.language=fr -Duser.variant 
java_command: org.gradle.launcher.daemon.bootstrap.GradleDaemon 3.3
java_class_path (initial): C:\Users\Gaoussou\.gradle\wrapper\dists\gradle-3.3-all\55gk2rcmfc6p2dg9u9ohc3hw9\gradle-3.3\lib\gradle-launcher-3.3.jar
Launcher Type: SUN_STANDARD

Environment Variables:
JAVA_HOME=C:\Program Files (x86)\Java\jdk1.8.0_101
PATH=C:\ProgramData\Oracle\Java\javapath;C:\Windows\system32;C:\Windows;C:\Windows\System32\Wbem;C:\Windows\System32\WindowsPowerShell\v1.0\;C:\Program Files (x86)\Windows Kits\8.1\Windows Performance Toolkit\;C:\Program Files\Microsoft SQL Server\120\Tools\Binn\;C:\Program Files\Microsoft\Web Platform Installer\;C:\Program Files\Microsoft SQL Server\130\Tools\Binn\;C:\Program Files (x86)\Microsoft SQL Server\Client SDK\ODBC\130\Tools\Binn\;C:\Program Files (x86)\Microsoft SQL Server\130\Tools\Binn\;C:\Program Files (x86)\Microsoft SQL Server\130\DTS\Binn\;C:\Program Files (x86)\Microsoft SQL Server\130\Tools\Binn\ManagementStudio\;C:\Program Files\Microsoft SQL Server\Client SDK\ODBC\110\Tools\Binn\;C:\Program Files (x86)\Microsoft SQL Server\120\Tools\Binn\;C:\Program Files\Microsoft SQL Server\120\DTS\Binn\;C:\Program Files (x86)\ATI Technologies\ATI.ACE\Core-Static;C:\wamp64\bin\php\php7.0.23;C:\ProgramData\ComposerSetup\bin;E:\Matlab\runtime\win64;E:\Matlab\bin;E:\Matlab\polyspace\bin;E:\Git\cmd;C:\Program Files\PostgreSQL\9.6\bin;C:\Program Files\PuTTY\;C:\Program Files (x86)\apache-maven-3.5.2\bin;C:\Program Files\Heroku\bin;E:\Git\bin;C:\Program Files\PostgreSQL\9.6\bin
USERNAME=Gaoussou
OS=Windows_NT
PROCESSOR_IDENTIFIER=Intel64 Family 6 Model 37 Stepping 5, GenuineIntel



---------------  S Y S T E M  ---------------

OS: Windows 10.0 , 64 bit Build 10586 (10.0.10586.589)

CPU:total 2 (2 cores per cpu, 1 threads per core) family 6 model 37 stepping 5, cmov, cx8, fxsr, mmx, sse, sse2, sse3, ssse3, popcnt, tsc, tscinvbit

Memory: 4k page, physical 8243884k(1686792k free), swap 11575684k(3792k free)

vm_info: OpenJDK 64-Bit Server VM (25.112-b06) for windows-amd64 JRE (1.8.0_112-release-b06), built on Dec  8 2016 00:54:26 by "builder" with MS VC++ 10.0 (VS2010)

time: Sat Dec 23 14:49:25 2017
elapsed time: 132 seconds (0d 0h 2m 12s)

